<?xml version="1.0" encoding="UTF-8"?>
<!-- Generated by org.testng.reporters.JUnitXMLReporter -->
<testsuite ignored="0" hostname="DESKTOP-TJ88L6B" failures="0" tests="3" name="Test_Listener" time="12.311" errors="0" timestamp="2025-09-06T08:47:10 IST">
  <testcase classname="com.day_26.OrangeHRM" name="testLogo" time="3.104"/>
  <testcase classname="com.day_26.OrangeHRM" name="testTitle" time="0.01"/>
  <testcase classname="com.day_26.OrangeHRM" name="testURL" time="0.011"/>
</testsuite> <!-- Test_Listener -->
