<?xml version="1.0" encoding="UTF-8"?>
<!-- Generated by org.testng.reporters.JUnitXMLReporter -->
<testsuite ignored="5" hostname="DESKTOP-TJ88L6B" failures="0" tests="3" name="groupingtests" time="0.152" errors="0" timestamp="2025-09-05T18:43:19 IST">
  <testcase classname="com.day_24.LoginTests" name="loginByEmail" time="0.012"/>
  <testcase classname="com.day_24.LoginTests" name="loginByFacebook" time="0.003"/>
  <testcase classname="com.day_24.LoginTests" name="loginByChrome" time="0.016"/>
  <testcase classname="com.day_24.SignOffTest" name="signubyInsta" time="0.0">
    <ignored/>
  </testcase> <!-- signubyInsta -->
  <testcase classname="com.day_24.SignOffTest" name="signubyFacebook" time="0.0">
    <ignored/>
  </testcase> <!-- signubyFacebook -->
  <testcase classname="com.day_24.PaymentSlip" name="paymentRupees" time="0.0">
    <ignored/>
  </testcase> <!-- paymentRupees -->
  <testcase classname="com.day_24.PaymentSlip" name="paymentInDollars" time="0.0">
    <ignored/>
  </testcase> <!-- paymentInDollars -->
  <testcase classname="com.day_24.SignOffTest" name="signubyEmail" time="0.0">
    <ignored/>
  </testcase> <!-- signubyEmail -->
</testsuite> <!-- groupingtests -->
