<?xml version="1.0" encoding="UTF-8"?>
<testng-results ignored="0" total="1" passed="1" failed="0" skipped="0">
  <reporter-output>
  </reporter-output>
  <suite started-at="2025-09-02T19:34:49 IST" name="Default suite" finished-at="2025-09-02T19:34:51 IST" duration-ms="2492">
    <groups>
    </groups>
    <test started-at="2025-09-02T19:34:49 IST" name="Default test" finished-at="2025-09-02T19:34:51 IST" duration-ms="2492">
      <class name="com.day_20.WritingExcelDataInSpecifRowsCell">
        <test-method signature="WritingIntoExcelData()[pri:0, instance:com.day_20.WritingExcelDataInSpecifRowsCell@5e0e82ae]" started-at="2025-09-02T19:34:49 IST" name="WritingIntoExcelData" finished-at="2025-09-02T19:34:51 IST" duration-ms="2383" status="PASS">
          <reporter-output>
          </reporter-output>
        </test-method> <!-- WritingIntoExcelData -->
      </class> <!-- com.day_20.WritingExcelDataInSpecifRowsCell -->
    </test> <!-- Default test -->
  </suite> <!-- Default suite -->
</testng-results>
